  ConsultationPhysique.cpp
  Consultation.cpp
  ConsultationEnligne.cpp
  Etudiant.cpp
  GestionnairePatients.cpp
  GestionnairePersonnels.cpp
  Hopital.cpp
C:\Users\bryan\Desktop\GitKraken\tps_summer\TP3-E20\TP3-E20-Windows\TP3-E20\src\Hopital.cpp(39,7): error C2061: syntax error: identifier 'ConsultationPhysique'
C:\Users\bryan\Desktop\GitKraken\tps_summer\TP3-E20\TP3-E20-Windows\TP3-E20\src\Hopital.cpp(40,47): error C2065: 'ConsultationPhysique': undeclared identifier
  MedecinResident.cpp
  Patient.cpp
  Medecin.cpp
  main.cpp
C:\Users\bryan\Desktop\GitKraken\tps_summer\TP3-E20\TP3-E20-Windows\TP3-E20\src\main.cpp(253,2): error C2065: 'ConsultationPhysique': undeclared identifier
C:\Users\bryan\Desktop\GitKraken\tps_summer\TP3-E20\TP3-E20-Windows\TP3-E20\src\main.cpp(253,23): error C2146: syntax error: missing ';' before identifier 'consultationPhysiqueTest'
C:\Users\bryan\Desktop\GitKraken\tps_summer\TP3-E20\TP3-E20-Windows\TP3-E20\src\main.cpp(253,23): error C2065: 'consultationPhysiqueTest': undeclared identifier
C:\Users\bryan\Desktop\GitKraken\tps_summer\TP3-E20\TP3-E20-Windows\TP3-E20\src\main.cpp(253,50): error C3861: 'ConsultationPhysique': identifier not found
C:\Users\bryan\Desktop\GitKraken\tps_summer\TP3-E20\TP3-E20-Windows\TP3-E20\src\main.cpp(254,2): error C2065: 'C': undeclared identifier
C:\Users\bryan\Desktop\GitKraken\tps_summer\TP3-E20\TP3-E20-Windows\TP3-E20\src\main.cpp(255,7): error C2143: syntax error: missing ';' before 'std::stringstream'
C:\Users\bryan\Desktop\GitKraken\tps_summer\TP3-E20\TP3-E20-Windows\TP3-E20\src\main.cpp(267,64): error C2065: 'consultationPhysiqueTest': undeclared identifier
C:\Users\bryan\Desktop\GitKraken\tps_summer\TP3-E20\TP3-E20-Windows\TP3-E20\src\main.cpp(272,66): error C2065: 'consultationPhysiqueTest': undeclared identifier
  PatientEtudiant.cpp
  Personnel.cpp
  Generating Code...
