  Consultation.cpp
C:\Users\bryan\Desktop\GitKraken\tps_summer\TP2-E20\TP2-E20-Windows\TP2-E20\include\Patient.h(16,74): error C2804: binary 'operator <<' has too many parameters
  GestionnairePatients.cpp
C:\Users\bryan\Desktop\GitKraken\tps_summer\TP2-E20\TP2-E20-Windows\TP2-E20\include\Patient.h(16,74): error C2804: binary 'operator <<' has too many parameters
C:\Users\bryan\Desktop\GitKraken\tps_summer\TP2-E20\TP2-E20-Windows\TP2-E20\src\GestionnairePatients.cpp(83,24): error C2039: 'afficher': is not a member of 'Patient'
C:\Users\bryan\Desktop\GitKraken\tps_summer\TP2-E20\TP2-E20-Windows\TP2-E20\include\Patient.h(7): message : see declaration of 'Patient'
  Hopital.cpp
C:\Users\bryan\Desktop\GitKraken\tps_summer\TP2-E20\TP2-E20-Windows\TP2-E20\include\Patient.h(16,74): error C2804: binary 'operator <<' has too many parameters
  Patient.cpp
C:\Users\bryan\Desktop\GitKraken\tps_summer\TP2-E20\TP2-E20-Windows\TP2-E20\include\Patient.h(16,74): error C2804: binary 'operator <<' has too many parameters
C:\Users\bryan\Desktop\GitKraken\tps_summer\TP2-E20\TP2-E20-Windows\TP2-E20\src\Patient.cpp(22,15): error C2039: 'afficher': is not a member of 'Patient'
C:\Users\bryan\Desktop\GitKraken\tps_summer\TP2-E20\TP2-E20-Windows\TP2-E20\include\Patient.h(7): message : see declaration of 'Patient'
C:\Users\bryan\Desktop\GitKraken\tps_summer\TP2-E20\TP2-E20-Windows\TP2-E20\src\Patient.cpp(23,1): error C2270: 'afficher': modifiers not allowed on nonmember functions
C:\Users\bryan\Desktop\GitKraken\tps_summer\TP2-E20\TP2-E20-Windows\TP2-E20\src\Patient.cpp(25,27): error C2065: 'nom_': undeclared identifier
C:\Users\bryan\Desktop\GitKraken\tps_summer\TP2-E20\TP2-E20-Windows\TP2-E20\src\Patient.cpp(25,63): error C2065: 'dateDeNaissance_': undeclared identifier
C:\Users\bryan\Desktop\GitKraken\tps_summer\TP2-E20\TP2-E20-Windows\TP2-E20\src\Patient.cpp(26,44): error C2065: 'numeroAssuranceMaladie_': undeclared identifier
  Medecin.cpp
C:\Users\bryan\Desktop\GitKraken\tps_summer\TP2-E20\TP2-E20-Windows\TP2-E20\include\Patient.h(16,74): error C2804: binary 'operator <<' has too many parameters
C:\Users\bryan\Desktop\GitKraken\tps_summer\TP2-E20\TP2-E20-Windows\TP2-E20\src\Medecin.cpp(108,33): error C2039: 'afficher': is not a member of 'Patient'
C:\Users\bryan\Desktop\GitKraken\tps_summer\TP2-E20\TP2-E20-Windows\TP2-E20\include\Patient.h(7): message : see declaration of 'Patient'
  GestionnaireMedecins.cpp
C:\Users\bryan\Desktop\GitKraken\tps_summer\TP2-E20\TP2-E20-Windows\TP2-E20\include\Patient.h(16,74): error C2804: binary 'operator <<' has too many parameters
  main.cpp
C:\Users\bryan\Desktop\GitKraken\tps_summer\TP2-E20\TP2-E20-Windows\TP2-E20\include\Patient.h(16,74): error C2804: binary 'operator <<' has too many parameters
C:\Users\bryan\Desktop\GitKraken\tps_summer\TP2-E20\TP2-E20-Windows\TP2-E20\src\main.cpp(41,31): error C2679: binary '<<': no operator found which takes a right-hand operand of type 'Patient' (or there is no acceptable conversion)
C:\Program Files (x86)\Microsoft Visual Studio\2019\Community\VC\Tools\MSVC\14.24.28314\include\ostream(462,39): message : could be 'std::basic_ostream<char,std::char_traits<char>> &std::basic_ostream<char,std::char_traits<char>>::operator <<(std::basic_streambuf<char,std::char_traits<char>> *)'
C:\Program Files (x86)\Microsoft Visual Studio\2019\Community\VC\Tools\MSVC\14.24.28314\include\ostream(437,39): message : or       'std::basic_ostream<char,std::char_traits<char>> &std::basic_ostream<char,std::char_traits<char>>::operator <<(const void *)'
C:\Program Files (x86)\Microsoft Visual Studio\2019\Community\VC\Tools\MSVC\14.24.28314\include\ostream(419,39): message : or       'std::basic_ostream<char,std::char_traits<char>> &std::basic_ostream<char,std::char_traits<char>>::operator <<(long double)'
C:\Program Files (x86)\Microsoft Visual Studio\2019\Community\VC\Tools\MSVC\14.24.28314\include\ostream(401,39): message : or       'std::basic_ostream<char,std::char_traits<char>> &std::basic_ostream<char,std::char_traits<char>>::operator <<(double)'
C:\Program Files (x86)\Microsoft Visual Studio\2019\Community\VC\Tools\MSVC\14.24.28314\include\ostream(383,39): message : or       'std::basic_ostream<char,std::char_traits<char>> &std::basic_ostream<char,std::char_traits<char>>::operator <<(float)'
C:\Program Files (x86)\Microsoft Visual Studio\2019\Community\VC\Tools\MSVC\14.24.28314\include\ostream(365,39): message : or       'std::basic_ostream<char,std::char_traits<char>> &std::basic_ostream<char,std::char_traits<char>>::operator <<(unsigned __int64)'
C:\Program Files (x86)\Microsoft Visual Studio\2019\Community\VC\Tools\MSVC\14.24.28314\include\ostream(347,39): message : or       'std::basic_ostream<char,std::char_traits<char>> &std::basic_ostream<char,std::char_traits<char>>::operator <<(__int64)'
C:\Program Files (x86)\Microsoft Visual Studio\2019\Community\VC\Tools\MSVC\14.24.28314\include\ostream(329,39): message : or       'std::basic_ostream<char,std::char_traits<char>> &std::basic_ostream<char,std::char_traits<char>>::operator <<(unsigned long)'
C:\Program Files (x86)\Microsoft Visual Studio\2019\Community\VC\Tools\MSVC\14.24.28314\include\ostream(311,39): message : or       'std::basic_ostream<char,std::char_traits<char>> &std::basic_ostream<char,std::char_traits<char>>::operator <<(long)'
C:\Program Files (x86)\Microsoft Visual Studio\2019\Community\VC\Tools\MSVC\14.24.28314\include\ostream(292,39): message : or       'std::basic_ostream<char,std::char_traits<char>> &std::basic_ostream<char,std::char_traits<char>>::operator <<(unsigned int)'
C:\Program Files (x86)\Microsoft Visual Studio\2019\Community\VC\Tools\MSVC\14.24.28314\include\ostream(266,39): message : or       'std::basic_ostream<char,std::char_traits<char>> &std::basic_ostream<char,std::char_traits<char>>::operator <<(int)'
C:\Program Files (x86)\Microsoft Visual Studio\2019\Community\VC\Tools\MSVC\14.24.28314\include\ostream(247,39): message : or       'std::basic_ostream<char,std::char_traits<char>> &std::basic_ostream<char,std::char_traits<char>>::operator <<(unsigned short)'
C:\Program Files (x86)\Microsoft Visual Studio\2019\Community\VC\Tools\MSVC\14.24.28314\include\ostream(213,39): message : or       'std::basic_ostream<char,std::char_traits<char>> &std::basic_ostream<char,std::char_traits<char>>::operator <<(short)'
C:\Program Files (x86)\Microsoft Visual Studio\2019\Community\VC\Tools\MSVC\14.24.28314\include\ostream(195,39): message : or       'std::basic_ostream<char,std::char_traits<char>> &std::basic_ostream<char,std::char_traits<char>>::operator <<(bool)'
C:\Program Files (x86)\Microsoft Visual Studio\2019\Community\VC\Tools\MSVC\14.24.28314\include\ostream(190,39): message : or       'std::basic_ostream<char,std::char_traits<char>> &std::basic_ostream<char,std::char_traits<char>>::operator <<(std::ios_base &(__cdecl *)(std::ios_base &))'
C:\Program Files (x86)\Microsoft Visual Studio\2019\Community\VC\Tools\MSVC\14.24.28314\include\ostream(185,39): message : or       'std::basic_ostream<char,std::char_traits<char>> &std::basic_ostream<char,std::char_traits<char>>::operator <<(std::basic_ios<char,std::char_traits<char>> &(__cdecl *)(std::basic_ios<char,std::char_traits<char>> &))'
C:\Program Files (x86)\Microsoft Visual Studio\2019\Community\VC\Tools\MSVC\14.24.28314\include\ostream(180,39): message : or       'std::basic_ostream<char,std::char_traits<char>> &std::basic_ostream<char,std::char_traits<char>>::operator <<(std::basic_ostream<char,std::char_traits<char>> &(__cdecl *)(std::basic_ostream<char,std::char_traits<char>> &))'
C:\Program Files (x86)\Microsoft Visual Studio\2019\Community\VC\Tools\MSVC\14.24.28314\include\ostream(457,20): message : or       'std::basic_ostream<char,std::char_traits<char>> &std::basic_ostream<char,std::char_traits<char>>::operator <<<void>(std::nullptr_t)'
C:\Program Files (x86)\Microsoft Visual Studio\2019\Community\VC\Tools\MSVC\14.24.28314\include\ostream(650,32): message : or       'std::basic_ostream<char,std::char_traits<char>> &std::operator <<<char,std::char_traits<char>>(std::basic_ostream<char,std::char_traits<char>> &,const char *)'
C:\Program Files (x86)\Microsoft Visual Studio\2019\Community\VC\Tools\MSVC\14.24.28314\include\ostream(694,32): message : or       'std::basic_ostream<char,std::char_traits<char>> &std::operator <<<char,std::char_traits<char>>(std::basic_ostream<char,std::char_traits<char>> &,char)'
C:\Program Files (x86)\Microsoft Visual Studio\2019\Community\VC\Tools\MSVC\14.24.28314\include\ostream(730,31): message : or       'std::basic_ostream<char,std::char_traits<char>> &std::operator <<<std::char_traits<char>>(std::basic_ostream<char,std::char_traits<char>> &,const char *)'
C:\Program Files (x86)\Microsoft Visual Studio\2019\Community\VC\Tools\MSVC\14.24.28314\include\ostream(775,31): message : or       'std::basic_ostream<char,std::char_traits<char>> &std::operator <<<std::char_traits<char>>(std::basic_ostream<char,std::char_traits<char>> &,char)'
C:\Program Files (x86)\Microsoft Visual Studio\2019\Community\VC\Tools\MSVC\14.24.28314\include\ostream(892,31): message : or       'std::basic_ostream<char,std::char_traits<char>> &std::operator <<<std::char_traits<char>>(std::basic_ostream<char,std::char_traits<char>> &,const signed char *)'
C:\Program Files (x86)\Microsoft Visual Studio\2019\Community\VC\Tools\MSVC\14.24.28314\include\ostream(898,31): message : or       'std::basic_ostream<char,std::char_traits<char>> &std::operator <<<std::char_traits<char>>(std::basic_ostream<char,std::char_traits<char>> &,signed char)'
C:\Program Files (x86)\Microsoft Visual Studio\2019\Community\VC\Tools\MSVC\14.24.28314\include\ostream(903,31): message : or       'std::basic_ostream<char,std::char_traits<char>> &std::operator <<<std::char_traits<char>>(std::basic_ostream<char,std::char_traits<char>> &,const unsigned char *)'
C:\Program Files (x86)\Microsoft Visual Studio\2019\Community\VC\Tools\MSVC\14.24.28314\include\ostream(909,31): message : or       'std::basic_ostream<char,std::char_traits<char>> &std::operator <<<std::char_traits<char>>(std::basic_ostream<char,std::char_traits<char>> &,unsigned char)'
C:\Program Files (x86)\Microsoft Visual Studio\2019\Community\VC\Tools\MSVC\14.24.28314\include\ostream(963,32): message : or       'std::basic_ostream<char,std::char_traits<char>> &std::operator <<<char,std::char_traits<char>>(std::basic_ostream<char,std::char_traits<char>> &,const std::error_code &)'
C:\Users\bryan\Desktop\GitKraken\tps_summer\TP2-E20\TP2-E20-Windows\TP2-E20\src\main.cpp(41,31): message : while trying to match the argument list '(std::stringstream, Patient)'
C:\Users\bryan\Desktop\GitKraken\tps_summer\TP2-E20\TP2-E20-Windows\TP2-E20\src\main.cpp(55,43): error C2678: binary '==': no operator found which takes a left-hand operand of type 'Patient' (or there is no acceptable conversion)
C:\Users\bryan\Desktop\GitKraken\tps_summer\TP2-E20\TP2-E20-Windows\TP2-E20\src\main.cpp(55,43): message : could be 'built-in C++ operator==(const char [8], const char [8])'
C:\Users\bryan\Desktop\GitKraken\tps_summer\TP2-E20\TP2-E20-Windows\TP2-E20\src\main.cpp(55,43): message : while trying to match the argument list '(Patient, const char [8])'
C:\Users\bryan\Desktop\GitKraken\tps_summer\TP2-E20\TP2-E20-Windows\TP2-E20\src\main.cpp(55,71): error C2679: binary '==': no operator found which takes a right-hand operand of type 'Patient' (or there is no acceptable conversion)
C:\Users\bryan\Desktop\GitKraken\tps_summer\TP2-E20\TP2-E20-Windows\TP2-E20\src\main.cpp(55,71): message : could be 'built-in C++ operator==(const char [8], const char [8])'
C:\Users\bryan\Desktop\GitKraken\tps_summer\TP2-E20\TP2-E20-Windows\TP2-E20\src\main.cpp(55,71): message : while trying to match the argument list '(const char [8], Patient)'
C:\Users\bryan\Desktop\GitKraken\tps_summer\TP2-E20\TP2-E20-Windows\TP2-E20\src\main.cpp(55,99): error C2678: binary '==': no operator found which takes a left-hand operand of type 'Patient' (or there is no acceptable conversion)
C:\Users\bryan\Desktop\GitKraken\tps_summer\TP2-E20\TP2-E20-Windows\TP2-E20\src\main.cpp(55,99): message : could be 'built-in C++ operator==(const char [7], const char [7])'
C:\Users\bryan\Desktop\GitKraken\tps_summer\TP2-E20\TP2-E20-Windows\TP2-E20\src\main.cpp(55,99): message : while trying to match the argument list '(Patient, const char [7])'
C:\Users\bryan\Desktop\GitKraken\tps_summer\TP2-E20\TP2-E20-Windows\TP2-E20\src\main.cpp(55,129): error C2679: binary '==': no operator found which takes a right-hand operand of type 'Patient' (or there is no acceptable conversion)
C:\Users\bryan\Desktop\GitKraken\tps_summer\TP2-E20\TP2-E20-Windows\TP2-E20\src\main.cpp(55,129): message : could be 'built-in C++ operator==(const char [7], const char [7])'
C:\Users\bryan\Desktop\GitKraken\tps_summer\TP2-E20\TP2-E20-Windows\TP2-E20\src\main.cpp(55,129): message : while trying to match the argument list '(const char [7], Patient)'
C:\Users\bryan\Desktop\GitKraken\tps_summer\TP2-E20\TP2-E20-Windows\TP2-E20\src\main.cpp(66,31): error C2679: binary '<<': no operator found which takes a right-hand operand of type 'Medecin' (or there is no acceptable conversion)
C:\Program Files (x86)\Microsoft Visual Studio\2019\Community\VC\Tools\MSVC\14.24.28314\include\ostream(462,39): message : could be 'std::basic_ostream<char,std::char_traits<char>> &std::basic_ostream<char,std::char_traits<char>>::operator <<(std::basic_streambuf<char,std::char_traits<char>> *)'
C:\Program Files (x86)\Microsoft Visual Studio\2019\Community\VC\Tools\MSVC\14.24.28314\include\ostream(437,39): message : or       'std::basic_ostream<char,std::char_traits<char>> &std::basic_ostream<char,std::char_traits<char>>::operator <<(const void *)'
C:\Program Files (x86)\Microsoft Visual Studio\2019\Community\VC\Tools\MSVC\14.24.28314\include\ostream(419,39): message : or       'std::basic_ostream<char,std::char_traits<char>> &std::basic_ostream<char,std::char_traits<char>>::operator <<(long double)'
C:\Program Files (x86)\Microsoft Visual Studio\2019\Community\VC\Tools\MSVC\14.24.28314\include\ostream(401,39): message : or       'std::basic_ostream<char,std::char_traits<char>> &std::basic_ostream<char,std::char_traits<char>>::operator <<(double)'
C:\Program Files (x86)\Microsoft Visual Studio\2019\Community\VC\Tools\MSVC\14.24.28314\include\ostream(383,39): message : or       'std::basic_ostream<char,std::char_traits<char>> &std::basic_ostream<char,std::char_traits<char>>::operator <<(float)'
C:\Program Files (x86)\Microsoft Visual Studio\2019\Community\VC\Tools\MSVC\14.24.28314\include\ostream(365,39): message : or       'std::basic_ostream<char,std::char_traits<char>> &std::basic_ostream<char,std::char_traits<char>>::operator <<(unsigned __int64)'
C:\Program Files (x86)\Microsoft Visual Studio\2019\Community\VC\Tools\MSVC\14.24.28314\include\ostream(347,39): message : or       'std::basic_ostream<char,std::char_traits<char>> &std::basic_ostream<char,std::char_traits<char>>::operator <<(__int64)'
C:\Program Files (x86)\Microsoft Visual Studio\2019\Community\VC\Tools\MSVC\14.24.28314\include\ostream(329,39): message : or       'std::basic_ostream<char,std::char_traits<char>> &std::basic_ostream<char,std::char_traits<char>>::operator <<(unsigned long)'
C:\Program Files (x86)\Microsoft Visual Studio\2019\Community\VC\Tools\MSVC\14.24.28314\include\ostream(311,39): message : or       'std::basic_ostream<char,std::char_traits<char>> &std::basic_ostream<char,std::char_traits<char>>::operator <<(long)'
C:\Program Files (x86)\Microsoft Visual Studio\2019\Community\VC\Tools\MSVC\14.24.28314\include\ostream(292,39): message : or       'std::basic_ostream<char,std::char_traits<char>> &std::basic_ostream<char,std::char_traits<char>>::operator <<(unsigned int)'
C:\Program Files (x86)\Microsoft Visual Studio\2019\Community\VC\Tools\MSVC\14.24.28314\include\ostream(266,39): message : or       'std::basic_ostream<char,std::char_traits<char>> &std::basic_ostream<char,std::char_traits<char>>::operator <<(int)'
C:\Program Files (x86)\Microsoft Visual Studio\2019\Community\VC\Tools\MSVC\14.24.28314\include\ostream(247,39): message : or       'std::basic_ostream<char,std::char_traits<char>> &std::basic_ostream<char,std::char_traits<char>>::operator <<(unsigned short)'
C:\Program Files (x86)\Microsoft Visual Studio\2019\Community\VC\Tools\MSVC\14.24.28314\include\ostream(213,39): message : or       'std::basic_ostream<char,std::char_traits<char>> &std::basic_ostream<char,std::char_traits<char>>::operator <<(short)'
C:\Program Files (x86)\Microsoft Visual Studio\2019\Community\VC\Tools\MSVC\14.24.28314\include\ostream(195,39): message : or       'std::basic_ostream<char,std::char_traits<char>> &std::basic_ostream<char,std::char_traits<char>>::operator <<(bool)'
C:\Program Files (x86)\Microsoft Visual Studio\2019\Community\VC\Tools\MSVC\14.24.28314\include\ostream(190,39): message : or       'std::basic_ostream<char,std::char_traits<char>> &std::basic_ostream<char,std::char_traits<char>>::operator <<(std::ios_base &(__cdecl *)(std::ios_base &))'
C:\Program Files (x86)\Microsoft Visual Studio\2019\Community\VC\Tools\MSVC\14.24.28314\include\ostream(185,39): message : or       'std::basic_ostream<char,std::char_traits<char>> &std::basic_ostream<char,std::char_traits<char>>::operator <<(std::basic_ios<char,std::char_traits<char>> &(__cdecl *)(std::basic_ios<char,std::char_traits<char>> &))'
C:\Program Files (x86)\Microsoft Visual Studio\2019\Community\VC\Tools\MSVC\14.24.28314\include\ostream(180,39): message : or       'std::basic_ostream<char,std::char_traits<char>> &std::basic_ostream<char,std::char_traits<char>>::operator <<(std::basic_ostream<char,std::char_traits<char>> &(__cdecl *)(std::basic_ostream<char,std::char_traits<char>> &))'
C:\Program Files (x86)\Microsoft Visual Studio\2019\Community\VC\Tools\MSVC\14.24.28314\include\ostream(457,20): message : or       'std::basic_ostream<char,std::char_traits<char>> &std::basic_ostream<char,std::char_traits<char>>::operator <<<void>(std::nullptr_t)'
C:\Program Files (x86)\Microsoft Visual Studio\2019\Community\VC\Tools\MSVC\14.24.28314\include\ostream(650,32): message : or       'std::basic_ostream<char,std::char_traits<char>> &std::operator <<<char,std::char_traits<char>>(std::basic_ostream<char,std::char_traits<char>> &,const char *)'
C:\Program Files (x86)\Microsoft Visual Studio\2019\Community\VC\Tools\MSVC\14.24.28314\include\ostream(694,32): message : or       'std::basic_ostream<char,std::char_traits<char>> &std::operator <<<char,std::char_traits<char>>(std::basic_ostream<char,std::char_traits<char>> &,char)'
C:\Program Files (x86)\Microsoft Visual Studio\2019\Community\VC\Tools\MSVC\14.24.28314\include\ostream(730,31): message : or       'std::basic_ostream<char,std::char_traits<char>> &std::operator <<<std::char_traits<char>>(std::basic_ostream<char,std::char_traits<char>> &,const char *)'
C:\Program Files (x86)\Microsoft Visual Studio\2019\Community\VC\Tools\MSVC\14.24.28314\include\ostream(775,31): message : or       'std::basic_ostream<char,std::char_traits<char>> &std::operator <<<std::char_traits<char>>(std::basic_ostream<char,std::char_traits<char>> &,char)'
C:\Program Files (x86)\Microsoft Visual Studio\2019\Community\VC\Tools\MSVC\14.24.28314\include\ostream(892,31): message : or       'std::basic_ostream<char,std::char_traits<char>> &std::operator <<<std::char_traits<char>>(std::basic_ostream<char,std::char_traits<char>> &,const signed char *)'
C:\Program Files (x86)\Microsoft Visual Studio\2019\Community\VC\Tools\MSVC\14.24.28314\include\ostream(898,31): message : or       'std::basic_ostream<char,std::char_traits<char>> &std::operator <<<std::char_traits<char>>(std::basic_ostream<char,std::char_traits<char>> &,signed char)'
C:\Program Files (x86)\Microsoft Visual Studio\2019\Community\VC\Tools\MSVC\14.24.28314\include\ostream(903,31): message : or       'std::basic_ostream<char,std::char_traits<char>> &std::operator <<<std::char_traits<char>>(std::basic_ostream<char,std::char_traits<char>> &,const unsigned char *)'
C:\Program Files (x86)\Microsoft Visual Studio\2019\Community\VC\Tools\MSVC\14.24.28314\include\ostream(909,31): message : or       'std::basic_ostream<char,std::char_traits<char>> &std::operator <<<std::char_traits<char>>(std::basic_ostream<char,std::char_traits<char>> &,unsigned char)'
C:\Program Files (x86)\Microsoft Visual Studio\2019\Community\VC\Tools\MSVC\14.24.28314\include\ostream(963,32): message : or       'std::basic_ostream<char,std::char_traits<char>> &std::operator <<<char,std::char_traits<char>>(std::basic_ostream<char,std::char_traits<char>> &,const std::error_code &)'
C:\Users\bryan\Desktop\GitKraken\tps_summer\TP2-E20\TP2-E20-Windows\TP2-E20\src\main.cpp(66,31): message : while trying to match the argument list '(std::stringstream, Medecin)'
C:\Users\bryan\Desktop\GitKraken\tps_summer\TP2-E20\TP2-E20-Windows\TP2-E20\src\main.cpp(81,43): error C2678: binary '==': no operator found which takes a left-hand operand of type 'Medecin' (or there is no acceptable conversion)
C:\Users\bryan\Desktop\GitKraken\tps_summer\TP2-E20\TP2-E20-Windows\TP2-E20\src\main.cpp(81,43): message : could be 'built-in C++ operator==(const char [8], const char [8])'
C:\Users\bryan\Desktop\GitKraken\tps_summer\TP2-E20\TP2-E20-Windows\TP2-E20\src\main.cpp(81,43): message : while trying to match the argument list '(Medecin, const char [8])'
C:\Users\bryan\Desktop\GitKraken\tps_summer\TP2-E20\TP2-E20-Windows\TP2-E20\src\main.cpp(81,71): error C2679: binary '==': no operator found which takes a right-hand operand of type 'Medecin' (or there is no acceptable conversion)
C:\Users\bryan\Desktop\GitKraken\tps_summer\TP2-E20\TP2-E20-Windows\TP2-E20\src\main.cpp(81,71): message : could be 'built-in C++ operator==(const char [8], const char [8])'
C:\Users\bryan\Desktop\GitKraken\tps_summer\TP2-E20\TP2-E20-Windows\TP2-E20\src\main.cpp(81,71): message : while trying to match the argument list '(const char [8], Medecin)'
C:\Users\bryan\Desktop\GitKraken\tps_summer\TP2-E20\TP2-E20-Windows\TP2-E20\src\main.cpp(81,99): error C2678: binary '==': no operator found which takes a left-hand operand of type 'Medecin' (or there is no acceptable conversion)
C:\Users\bryan\Desktop\GitKraken\tps_summer\TP2-E20\TP2-E20-Windows\TP2-E20\src\main.cpp(81,99): message : could be 'built-in C++ operator==(const char [7], const char [7])'
C:\Users\bryan\Desktop\GitKraken\tps_summer\TP2-E20\TP2-E20-Windows\TP2-E20\src\main.cpp(81,99): message : while trying to match the argument list '(Medecin, const char [7])'
C:\Users\bryan\Desktop\GitKraken\tps_summer\TP2-E20\TP2-E20-Windows\TP2-E20\src\main.cpp(81,129): error C2679: binary '==': no operator found which takes a right-hand operand of type 'Medecin' (or there is no acceptable conversion)
C:\Users\bryan\Desktop\GitKraken\tps_summer\TP2-E20\TP2-E20-Windows\TP2-E20\src\main.cpp(81,129): message : could be 'built-in C++ operator==(const char [7], const char [7])'
C:\Users\bryan\Desktop\GitKraken\tps_summer\TP2-E20\TP2-E20-Windows\TP2-E20\src\main.cpp(81,129): message : while trying to match the argument list '(const char [7], Medecin)'
C:\Users\bryan\Desktop\GitKraken\tps_summer\TP2-E20\TP2-E20-Windows\TP2-E20\src\main.cpp(84,14): error C2676: binary '+=': 'Medecin' does not define this operator or a conversion to a type acceptable to the predefined operator
C:\Users\bryan\Desktop\GitKraken\tps_summer\TP2-E20\TP2-E20-Windows\TP2-E20\src\main.cpp(87,31): error C2679: binary '<<': no operator found which takes a right-hand operand of type 'Medecin' (or there is no acceptable conversion)
C:\Program Files (x86)\Microsoft Visual Studio\2019\Community\VC\Tools\MSVC\14.24.28314\include\ostream(462,39): message : could be 'std::basic_ostream<char,std::char_traits<char>> &std::basic_ostream<char,std::char_traits<char>>::operator <<(std::basic_streambuf<char,std::char_traits<char>> *)'
C:\Program Files (x86)\Microsoft Visual Studio\2019\Community\VC\Tools\MSVC\14.24.28314\include\ostream(437,39): message : or       'std::basic_ostream<char,std::char_traits<char>> &std::basic_ostream<char,std::char_traits<char>>::operator <<(const void *)'
C:\Program Files (x86)\Microsoft Visual Studio\2019\Community\VC\Tools\MSVC\14.24.28314\include\ostream(419,39): message : or       'std::basic_ostream<char,std::char_traits<char>> &std::basic_ostream<char,std::char_traits<char>>::operator <<(long double)'
C:\Program Files (x86)\Microsoft Visual Studio\2019\Community\VC\Tools\MSVC\14.24.28314\include\ostream(401,39): message : or       'std::basic_ostream<char,std::char_traits<char>> &std::basic_ostream<char,std::char_traits<char>>::operator <<(double)'
C:\Program Files (x86)\Microsoft Visual Studio\2019\Community\VC\Tools\MSVC\14.24.28314\include\ostream(383,39): message : or       'std::basic_ostream<char,std::char_traits<char>> &std::basic_ostream<char,std::char_traits<char>>::operator <<(float)'
C:\Program Files (x86)\Microsoft Visual Studio\2019\Community\VC\Tools\MSVC\14.24.28314\include\ostream(365,39): message : or       'std::basic_ostream<char,std::char_traits<char>> &std::basic_ostream<char,std::char_traits<char>>::operator <<(unsigned __int64)'
C:\Program Files (x86)\Microsoft Visual Studio\2019\Community\VC\Tools\MSVC\14.24.28314\include\ostream(347,39): message : or       'std::basic_ostream<char,std::char_traits<char>> &std::basic_ostream<char,std::char_traits<char>>::operator <<(__int64)'
C:\Program Files (x86)\Microsoft Visual Studio\2019\Community\VC\Tools\MSVC\14.24.28314\include\ostream(329,39): message : or       'std::basic_ostream<char,std::char_traits<char>> &std::basic_ostream<char,std::char_traits<char>>::operator <<(unsigned long)'
C:\Program Files (x86)\Microsoft Visual Studio\2019\Community\VC\Tools\MSVC\14.24.28314\include\ostream(311,39): message : or       'std::basic_ostream<char,std::char_traits<char>> &std::basic_ostream<char,std::char_traits<char>>::operator <<(long)'
C:\Program Files (x86)\Microsoft Visual Studio\2019\Community\VC\Tools\MSVC\14.24.28314\include\ostream(292,39): message : or       'std::basic_ostream<char,std::char_traits<char>> &std::basic_ostream<char,std::char_traits<char>>::operator <<(unsigned int)'
C:\Program Files (x86)\Microsoft Visual Studio\2019\Community\VC\Tools\MSVC\14.24.28314\include\ostream(266,39): message : or       'std::basic_ostream<char,std::char_traits<char>> &std::basic_ostream<char,std::char_traits<char>>::operator <<(int)'
C:\Program Files (x86)\Microsoft Visual Studio\2019\Community\VC\Tools\MSVC\14.24.28314\include\ostream(247,39): message : or       'std::basic_ostream<char,std::char_traits<char>> &std::basic_ostream<char,std::char_traits<char>>::operator <<(unsigned short)'
C:\Program Files (x86)\Microsoft Visual Studio\2019\Community\VC\Tools\MSVC\14.24.28314\include\ostream(213,39): message : or       'std::basic_ostream<char,std::char_traits<char>> &std::basic_ostream<char,std::char_traits<char>>::operator <<(short)'
C:\Program Files (x86)\Microsoft Visual Studio\2019\Community\VC\Tools\MSVC\14.24.28314\include\ostream(195,39): message : or       'std::basic_ostream<char,std::char_traits<char>> &std::basic_ostream<char,std::char_traits<char>>::operator <<(bool)'
C:\Program Files (x86)\Microsoft Visual Studio\2019\Community\VC\Tools\MSVC\14.24.28314\include\ostream(190,39): message : or       'std::basic_ostream<char,std::char_traits<char>> &std::basic_ostream<char,std::char_traits<char>>::operator <<(std::ios_base &(__cdecl *)(std::ios_base &))'
C:\Program Files (x86)\Microsoft Visual Studio\2019\Community\VC\Tools\MSVC\14.24.28314\include\ostream(185,39): message : or       'std::basic_ostream<char,std::char_traits<char>> &std::basic_ostream<char,std::char_traits<char>>::operator <<(std::basic_ios<char,std::char_traits<char>> &(__cdecl *)(std::basic_ios<char,std::char_traits<char>> &))'
C:\Program Files (x86)\Microsoft Visual Studio\2019\Community\VC\Tools\MSVC\14.24.28314\include\ostream(180,39): message : or       'std::basic_ostream<char,std::char_traits<char>> &std::basic_ostream<char,std::char_traits<char>>::operator <<(std::basic_ostream<char,std::char_traits<char>> &(__cdecl *)(std::basic_ostream<char,std::char_traits<char>> &))'
C:\Program Files (x86)\Microsoft Visual Studio\2019\Community\VC\Tools\MSVC\14.24.28314\include\ostream(457,20): message : or       'std::basic_ostream<char,std::char_traits<char>> &std::basic_ostream<char,std::char_traits<char>>::operator <<<void>(std::nullptr_t)'
C:\Program Files (x86)\Microsoft Visual Studio\2019\Community\VC\Tools\MSVC\14.24.28314\include\ostream(650,32): message : or       'std::basic_ostream<char,std::char_traits<char>> &std::operator <<<char,std::char_traits<char>>(std::basic_ostream<char,std::char_traits<char>> &,const char *)'
C:\Program Files (x86)\Microsoft Visual Studio\2019\Community\VC\Tools\MSVC\14.24.28314\include\ostream(694,32): message : or       'std::basic_ostream<char,std::char_traits<char>> &std::operator <<<char,std::char_traits<char>>(std::basic_ostream<char,std::char_traits<char>> &,char)'
C:\Program Files (x86)\Microsoft Visual Studio\2019\Community\VC\Tools\MSVC\14.24.28314\include\ostream(730,31): message : or       'std::basic_ostream<char,std::char_traits<char>> &std::operator <<<std::char_traits<char>>(std::basic_ostream<char,std::char_traits<char>> &,const char *)'
C:\Program Files (x86)\Microsoft Visual Studio\2019\Community\VC\Tools\MSVC\14.24.28314\include\ostream(775,31): message : or       'std::basic_ostream<char,std::char_traits<char>> &std::operator <<<std::char_traits<char>>(std::basic_ostream<char,std::char_traits<char>> &,char)'
C:\Program Files (x86)\Microsoft Visual Studio\2019\Community\VC\Tools\MSVC\14.24.28314\include\ostream(892,31): message : or       'std::basic_ostream<char,std::char_traits<char>> &std::operator <<<std::char_traits<char>>(std::basic_ostream<char,std::char_traits<char>> &,const signed char *)'
C:\Program Files (x86)\Microsoft Visual Studio\2019\Community\VC\Tools\MSVC\14.24.28314\include\ostream(898,31): message : or       'std::basic_ostream<char,std::char_traits<char>> &std::operator <<<std::char_traits<char>>(std::basic_ostream<char,std::char_traits<char>> &,signed char)'
C:\Program Files (x86)\Microsoft Visual Studio\2019\Community\VC\Tools\MSVC\14.24.28314\include\ostream(903,31): message : or       'std::basic_ostream<char,std::char_traits<char>> &std::operator <<<std::char_traits<char>>(std::basic_ostream<char,std::char_traits<char>> &,const unsigned char *)'
C:\Program Files (x86)\Microsoft Visual Studio\2019\Community\VC\Tools\MSVC\14.24.28314\include\ostream(909,31): message : or       'std::basic_ostream<char,std::char_traits<char>> &std::operator <<<std::char_traits<char>>(std::basic_ostream<char,std::char_traits<char>> &,unsigned char)'
C:\Program Files (x86)\Microsoft Visual Studio\2019\Community\VC\Tools\MSVC\14.24.28314\include\ostream(963,32): message : or       'std::basic_ostream<char,std::char_traits<char>> &std::operator <<<char,std::char_traits<char>>(std::basic_ostream<char,std::char_traits<char>> &,const std::error_code &)'
C:\Users\bryan\Desktop\GitKraken\tps_summer\TP2-E20\TP2-E20-Windows\TP2-E20\src\main.cpp(87,31): message : while trying to match the argument list '(std::stringstream, Medecin)'
C:\Users\bryan\Desktop\GitKraken\tps_summer\TP2-E20\TP2-E20-Windows\TP2-E20\src\main.cpp(101,44): error C2039: 'size': is not a member of 'std::unique_ptr<std::shared_ptr<Patient> [],std::default_delete<std::shared_ptr<Patient> []>>'
C:\Users\bryan\Desktop\GitKraken\tps_summer\TP2-E20\TP2-E20-Windows\TP2-E20\include\Medecin.h(48): message : see declaration of 'std::unique_ptr<std::shared_ptr<Patient> [],std::default_delete<std::shared_ptr<Patient> []>>'
C:\Users\bryan\Desktop\GitKraken\tps_summer\TP2-E20\TP2-E20-Windows\TP2-E20\src\main.cpp(102,44): error C2676: binary '==': '_Ty2' does not define this operator or a conversion to a type acceptable to the predefined operator
          with
          [
              _Ty2=Patient
          ]
C:\Users\bryan\Desktop\GitKraken\tps_summer\TP2-E20\TP2-E20-Windows\TP2-E20\src\main.cpp(106,14): error C2676: binary '-=': 'Medecin' does not define this operator or a conversion to a type acceptable to the predefined operator
C:\Users\bryan\Desktop\GitKraken\tps_summer\TP2-E20\TP2-E20-Windows\TP2-E20\src\main.cpp(109,31): error C2679: binary '<<': no operator found which takes a right-hand operand of type 'Medecin' (or there is no acceptable conversion)
C:\Program Files (x86)\Microsoft Visual Studio\2019\Community\VC\Tools\MSVC\14.24.28314\include\ostream(462,39): message : could be 'std::basic_ostream<char,std::char_traits<char>> &std::basic_ostream<char,std::char_traits<char>>::operator <<(std::basic_streambuf<char,std::char_traits<char>> *)'
C:\Program Files (x86)\Microsoft Visual Studio\2019\Community\VC\Tools\MSVC\14.24.28314\include\ostream(437,39): message : or       'std::basic_ostream<char,std::char_traits<char>> &std::basic_ostream<char,std::char_traits<char>>::operator <<(const void *)'
C:\Program Files (x86)\Microsoft Visual Studio\2019\Community\VC\Tools\MSVC\14.24.28314\include\ostream(419,39): message : or       'std::basic_ostream<char,std::char_traits<char>> &std::basic_ostream<char,std::char_traits<char>>::operator <<(long double)'
C:\Program Files (x86)\Microsoft Visual Studio\2019\Community\VC\Tools\MSVC\14.24.28314\include\ostream(401,39): message : or       'std::basic_ostream<char,std::char_traits<char>> &std::basic_ostream<char,std::char_traits<char>>::operator <<(double)'
C:\Program Files (x86)\Microsoft Visual Studio\2019\Community\VC\Tools\MSVC\14.24.28314\include\ostream(383,39): message : or       'std::basic_ostream<char,std::char_traits<char>> &std::basic_ostream<char,std::char_traits<char>>::operator <<(float)'
C:\Program Files (x86)\Microsoft Visual Studio\2019\Community\VC\Tools\MSVC\14.24.28314\include\ostream(365,39): message : or       'std::basic_ostream<char,std::char_traits<char>> &std::basic_ostream<char,std::char_traits<char>>::operator <<(unsigned __int64)'
C:\Program Files (x86)\Microsoft Visual Studio\2019\Community\VC\Tools\MSVC\14.24.28314\include\ostream(347,39): message : or       'std::basic_ostream<char,std::char_traits<char>> &std::basic_ostream<char,std::char_traits<char>>::operator <<(__int64)'
C:\Program Files (x86)\Microsoft Visual Studio\2019\Community\VC\Tools\MSVC\14.24.28314\include\ostream(329,39): message : or       'std::basic_ostream<char,std::char_traits<char>> &std::basic_ostream<char,std::char_traits<char>>::operator <<(unsigned long)'
C:\Program Files (x86)\Microsoft Visual Studio\2019\Community\VC\Tools\MSVC\14.24.28314\include\ostream(311,39): message : or       'std::basic_ostream<char,std::char_traits<char>> &std::basic_ostream<char,std::char_traits<char>>::operator <<(long)'
C:\Program Files (x86)\Microsoft Visual Studio\2019\Community\VC\Tools\MSVC\14.24.28314\include\ostream(292,39): message : or       'std::basic_ostream<char,std::char_traits<char>> &std::basic_ostream<char,std::char_traits<char>>::operator <<(unsigned int)'
C:\Program Files (x86)\Microsoft Visual Studio\2019\Community\VC\Tools\MSVC\14.24.28314\include\ostream(266,39): message : or       'std::basic_ostream<char,std::char_traits<char>> &std::basic_ostream<char,std::char_traits<char>>::operator <<(int)'
C:\Program Files (x86)\Microsoft Visual Studio\2019\Community\VC\Tools\MSVC\14.24.28314\include\ostream(247,39): message : or       'std::basic_ostream<char,std::char_traits<char>> &std::basic_ostream<char,std::char_traits<char>>::operator <<(unsigned short)'
C:\Program Files (x86)\Microsoft Visual Studio\2019\Community\VC\Tools\MSVC\14.24.28314\include\ostream(213,39): message : or       'std::basic_ostream<char,std::char_traits<char>> &std::basic_ostream<char,std::char_traits<char>>::operator <<(short)'
C:\Program Files (x86)\Microsoft Visual Studio\2019\Community\VC\Tools\MSVC\14.24.28314\include\ostream(195,39): message : or       'std::basic_ostream<char,std::char_traits<char>> &std::basic_ostream<char,std::char_traits<char>>::operator <<(bool)'
C:\Program Files (x86)\Microsoft Visual Studio\2019\Community\VC\Tools\MSVC\14.24.28314\include\ostream(190,39): message : or       'std::basic_ostream<char,std::char_traits<char>> &std::basic_ostream<char,std::char_traits<char>>::operator <<(std::ios_base &(__cdecl *)(std::ios_base &))'
C:\Program Files (x86)\Microsoft Visual Studio\2019\Community\VC\Tools\MSVC\14.24.28314\include\ostream(185,39): message : or       'std::basic_ostream<char,std::char_traits<char>> &std::basic_ostream<char,std::char_traits<char>>::operator <<(std::basic_ios<char,std::char_traits<char>> &(__cdecl *)(std::basic_ios<char,std::char_traits<char>> &))'
C:\Program Files (x86)\Microsoft Visual Studio\2019\Community\VC\Tools\MSVC\14.24.28314\include\ostream(180,39): message : or       'std::basic_ostream<char,std::char_traits<char>> &std::basic_ostream<char,std::char_traits<char>>::operator <<(std::basic_ostream<char,std::char_traits<char>> &(__cdecl *)(std::basic_ostream<char,std::char_traits<char>> &))'
C:\Program Files (x86)\Microsoft Visual Studio\2019\Community\VC\Tools\MSVC\14.24.28314\include\ostream(457,20): message : or       'std::basic_ostream<char,std::char_traits<char>> &std::basic_ostream<char,std::char_traits<char>>::operator <<<void>(std::nullptr_t)'
C:\Program Files (x86)\Microsoft Visual Studio\2019\Community\VC\Tools\MSVC\14.24.28314\include\ostream(650,32): message : or       'std::basic_ostream<char,std::char_traits<char>> &std::operator <<<char,std::char_traits<char>>(std::basic_ostream<char,std::char_traits<char>> &,const char *)'
C:\Program Files (x86)\Microsoft Visual Studio\2019\Community\VC\Tools\MSVC\14.24.28314\include\ostream(694,32): message : or       'std::basic_ostream<char,std::char_traits<char>> &std::operator <<<char,std::char_traits<char>>(std::basic_ostream<char,std::char_traits<char>> &,char)'
C:\Program Files (x86)\Microsoft Visual Studio\2019\Community\VC\Tools\MSVC\14.24.28314\include\ostream(730,31): message : or       'std::basic_ostream<char,std::char_traits<char>> &std::operator <<<std::char_traits<char>>(std::basic_ostream<char,std::char_traits<char>> &,const char *)'
C:\Program Files (x86)\Microsoft Visual Studio\2019\Community\VC\Tools\MSVC\14.24.28314\include\ostream(775,31): message : or       'std::basic_ostream<char,std::char_traits<char>> &std::operator <<<std::char_traits<char>>(std::basic_ostream<char,std::char_traits<char>> &,char)'
C:\Program Files (x86)\Microsoft Visual Studio\2019\Community\VC\Tools\MSVC\14.24.28314\include\ostream(892,31): message : or       'std::basic_ostream<char,std::char_traits<char>> &std::operator <<<std::char_traits<char>>(std::basic_ostream<char,std::char_traits<char>> &,const signed char *)'
C:\Program Files (x86)\Microsoft Visual Studio\2019\Community\VC\Tools\MSVC\14.24.28314\include\ostream(898,31): message : or       'std::basic_ostream<char,std::char_traits<char>> &std::operator <<<std::char_traits<char>>(std::basic_ostream<char,std::char_traits<char>> &,signed char)'
C:\Program Files (x86)\Microsoft Visual Studio\2019\Community\VC\Tools\MSVC\14.24.28314\include\ostream(903,31): message : or       'std::basic_ostream<char,std::char_traits<char>> &std::operator <<<std::char_traits<char>>(std::basic_ostream<char,std::char_traits<char>> &,const unsigned char *)'
C:\Program Files (x86)\Microsoft Visual Studio\2019\Community\VC\Tools\MSVC\14.24.28314\include\ostream(909,31): message : or       'std::basic_ostream<char,std::char_traits<char>> &std::operator <<<std::char_traits<char>>(std::basic_ostream<char,std::char_traits<char>> &,unsigned char)'
C:\Program Files (x86)\Microsoft Visual Studio\2019\Community\VC\Tools\MSVC\14.24.28314\include\ostream(963,32): message : or       'std::basic_ostream<char,std::char_traits<char>> &std::operator <<<char,std::char_traits<char>>(std::basic_ostream<char,std::char_traits<char>> &,const std::error_code &)'
C:\Users\bryan\Desktop\GitKraken\tps_summer\TP2-E20\TP2-E20-Windows\TP2-E20\src\main.cpp(109,31): message : while trying to match the argument list '(std::stringstream, Medecin)'
C:\Users\bryan\Desktop\GitKraken\tps_summer\TP2-E20\TP2-E20-Windows\TP2-E20\src\main.cpp(122,45): error C2039: 'empty': is not a member of 'std::unique_ptr<std::shared_ptr<Patient> [],std::default_delete<std::shared_ptr<Patient> []>>'
C:\Users\bryan\Desktop\GitKraken\tps_summer\TP2-E20\TP2-E20-Windows\TP2-E20\include\Medecin.h(48): message : see declaration of 'std::unique_ptr<std::shared_ptr<Patient> [],std::default_delete<std::shared_ptr<Patient> []>>'
C:\Users\bryan\Desktop\GitKraken\tps_summer\TP2-E20\TP2-E20-Windows\TP2-E20\src\main.cpp(142,41): error C2679: binary '<<': no operator found which takes a right-hand operand of type 'GestionnairePatients' (or there is no acceptable conversion)
C:\Program Files (x86)\Microsoft Visual Studio\2019\Community\VC\Tools\MSVC\14.24.28314\include\ostream(462,39): message : could be 'std::basic_ostream<char,std::char_traits<char>> &std::basic_ostream<char,std::char_traits<char>>::operator <<(std::basic_streambuf<char,std::char_traits<char>> *)'
C:\Program Files (x86)\Microsoft Visual Studio\2019\Community\VC\Tools\MSVC\14.24.28314\include\ostream(437,39): message : or       'std::basic_ostream<char,std::char_traits<char>> &std::basic_ostream<char,std::char_traits<char>>::operator <<(const void *)'
C:\Program Files (x86)\Microsoft Visual Studio\2019\Community\VC\Tools\MSVC\14.24.28314\include\ostream(419,39): message : or       'std::basic_ostream<char,std::char_traits<char>> &std::basic_ostream<char,std::char_traits<char>>::operator <<(long double)'
C:\Program Files (x86)\Microsoft Visual Studio\2019\Community\VC\Tools\MSVC\14.24.28314\include\ostream(401,39): message : or       'std::basic_ostream<char,std::char_traits<char>> &std::basic_ostream<char,std::char_traits<char>>::operator <<(double)'
C:\Program Files (x86)\Microsoft Visual Studio\2019\Community\VC\Tools\MSVC\14.24.28314\include\ostream(383,39): message : or       'std::basic_ostream<char,std::char_traits<char>> &std::basic_ostream<char,std::char_traits<char>>::operator <<(float)'
C:\Program Files (x86)\Microsoft Visual Studio\2019\Community\VC\Tools\MSVC\14.24.28314\include\ostream(365,39): message : or       'std::basic_ostream<char,std::char_traits<char>> &std::basic_ostream<char,std::char_traits<char>>::operator <<(unsigned __int64)'
C:\Program Files (x86)\Microsoft Visual Studio\2019\Community\VC\Tools\MSVC\14.24.28314\include\ostream(347,39): message : or       'std::basic_ostream<char,std::char_traits<char>> &std::basic_ostream<char,std::char_traits<char>>::operator <<(__int64)'
C:\Program Files (x86)\Microsoft Visual Studio\2019\Community\VC\Tools\MSVC\14.24.28314\include\ostream(329,39): message : or       'std::basic_ostream<char,std::char_traits<char>> &std::basic_ostream<char,std::char_traits<char>>::operator <<(unsigned long)'
C:\Program Files (x86)\Microsoft Visual Studio\2019\Community\VC\Tools\MSVC\14.24.28314\include\ostream(311,39): message : or       'std::basic_ostream<char,std::char_traits<char>> &std::basic_ostream<char,std::char_traits<char>>::operator <<(long)'
C:\Program Files (x86)\Microsoft Visual Studio\2019\Community\VC\Tools\MSVC\14.24.28314\include\ostream(292,39): message : or       'std::basic_ostream<char,std::char_traits<char>> &std::basic_ostream<char,std::char_traits<char>>::operator <<(unsigned int)'
C:\Program Files (x86)\Microsoft Visual Studio\2019\Community\VC\Tools\MSVC\14.24.28314\include\ostream(266,39): message : or       'std::basic_ostream<char,std::char_traits<char>> &std::basic_ostream<char,std::char_traits<char>>::operator <<(int)'
C:\Program Files (x86)\Microsoft Visual Studio\2019\Community\VC\Tools\MSVC\14.24.28314\include\ostream(247,39): message : or       'std::basic_ostream<char,std::char_traits<char>> &std::basic_ostream<char,std::char_traits<char>>::operator <<(unsigned short)'
C:\Program Files (x86)\Microsoft Visual Studio\2019\Community\VC\Tools\MSVC\14.24.28314\include\ostream(213,39): message : or       'std::basic_ostream<char,std::char_traits<char>> &std::basic_ostream<char,std::char_traits<char>>::operator <<(short)'
C:\Program Files (x86)\Microsoft Visual Studio\2019\Community\VC\Tools\MSVC\14.24.28314\include\ostream(195,39): message : or       'std::basic_ostream<char,std::char_traits<char>> &std::basic_ostream<char,std::char_traits<char>>::operator <<(bool)'
C:\Program Files (x86)\Microsoft Visual Studio\2019\Community\VC\Tools\MSVC\14.24.28314\include\ostream(190,39): message : or       'std::basic_ostream<char,std::char_traits<char>> &std::basic_ostream<char,std::char_traits<char>>::operator <<(std::ios_base &(__cdecl *)(std::ios_base &))'
C:\Program Files (x86)\Microsoft Visual Studio\2019\Community\VC\Tools\MSVC\14.24.28314\include\ostream(185,39): message : or       'std::basic_ostream<char,std::char_traits<char>> &std::basic_ostream<char,std::char_traits<char>>::operator <<(std::basic_ios<char,std::char_traits<char>> &(__cdecl *)(std::basic_ios<char,std::char_traits<char>> &))'
C:\Program Files (x86)\Microsoft Visual Studio\2019\Community\VC\Tools\MSVC\14.24.28314\include\ostream(180,39): message : or       'std::basic_ostream<char,std::char_traits<char>> &std::basic_ostream<char,std::char_traits<char>>::operator <<(std::basic_ostream<char,std::char_traits<char>> &(__cdecl *)(std::basic_ostream<char,std::char_traits<char>> &))'
C:\Program Files (x86)\Microsoft Visual Studio\2019\Community\VC\Tools\MSVC\14.24.28314\include\ostream(457,20): message : or       'std::basic_ostream<char,std::char_traits<char>> &std::basic_ostream<char,std::char_traits<char>>::operator <<<void>(std::nullptr_t)'
C:\Program Files (x86)\Microsoft Visual Studio\2019\Community\VC\Tools\MSVC\14.24.28314\include\ostream(650,32): message : or       'std::basic_ostream<char,std::char_traits<char>> &std::operator <<<char,std::char_traits<char>>(std::basic_ostream<char,std::char_traits<char>> &,const char *)'
C:\Program Files (x86)\Microsoft Visual Studio\2019\Community\VC\Tools\MSVC\14.24.28314\include\ostream(694,32): message : or       'std::basic_ostream<char,std::char_traits<char>> &std::operator <<<char,std::char_traits<char>>(std::basic_ostream<char,std::char_traits<char>> &,char)'
C:\Program Files (x86)\Microsoft Visual Studio\2019\Community\VC\Tools\MSVC\14.24.28314\include\ostream(730,31): message : or       'std::basic_ostream<char,std::char_traits<char>> &std::operator <<<std::char_traits<char>>(std::basic_ostream<char,std::char_traits<char>> &,const char *)'
C:\Program Files (x86)\Microsoft Visual Studio\2019\Community\VC\Tools\MSVC\14.24.28314\include\ostream(775,31): message : or       'std::basic_ostream<char,std::char_traits<char>> &std::operator <<<std::char_traits<char>>(std::basic_ostream<char,std::char_traits<char>> &,char)'
C:\Program Files (x86)\Microsoft Visual Studio\2019\Community\VC\Tools\MSVC\14.24.28314\include\ostream(892,31): message : or       'std::basic_ostream<char,std::char_traits<char>> &std::operator <<<std::char_traits<char>>(std::basic_ostream<char,std::char_traits<char>> &,const signed char *)'
C:\Program Files (x86)\Microsoft Visual Studio\2019\Community\VC\Tools\MSVC\14.24.28314\include\ostream(898,31): message : or       'std::basic_ostream<char,std::char_traits<char>> &std::operator <<<std::char_traits<char>>(std::basic_ostream<char,std::char_traits<char>> &,signed char)'
C:\Program Files (x86)\Microsoft Visual Studio\2019\Community\VC\Tools\MSVC\14.24.28314\include\ostream(903,31): message : or       'std::basic_ostream<char,std::char_traits<char>> &std::operator <<<std::char_traits<char>>(std::basic_ostream<char,std::char_traits<char>> &,const unsigned char *)'
C:\Program Files (x86)\Microsoft Visual Studio\2019\Community\VC\Tools\MSVC\14.24.28314\include\ostream(909,31): message : or       'std::basic_ostream<char,std::char_traits<char>> &std::operator <<<std::char_traits<char>>(std::basic_ostream<char,std::char_traits<char>> &,unsigned char)'
C:\Program Files (x86)\Microsoft Visual Studio\2019\Community\VC\Tools\MSVC\14.24.28314\include\ostream(963,32): message : or       'std::basic_ostream<char,std::char_traits<char>> &std::operator <<<char,std::char_traits<char>>(std::basic_ostream<char,std::char_traits<char>> &,const std::error_code &)'
C:\Users\bryan\Desktop\GitKraken\tps_summer\TP2-E20\TP2-E20-Windows\TP2-E20\src\main.cpp(142,41): message : while trying to match the argument list '(std::stringstream, GestionnairePatients)'
C:\Users\bryan\Desktop\GitKraken\tps_summer\TP2-E20\TP2-E20-Windows\TP2-E20\src\main.cpp(161,6): error C2039: 'getPatients': is not a member of 'GestionnairePatients'
C:\Users\bryan\Desktop\GitKraken\tps_summer\TP2-E20\TP2-E20-Windows\TP2-E20\include\GestionnairePatients.h(9): message : see declaration of 'GestionnairePatients'
C:\Users\bryan\Desktop\GitKraken\tps_summer\TP2-E20\TP2-E20-Windows\TP2-E20\src\main.cpp(166,59): error C2039: 'getPatients': is not a member of 'GestionnairePatients'
C:\Users\bryan\Desktop\GitKraken\tps_summer\TP2-E20\TP2-E20-Windows\TP2-E20\include\GestionnairePatients.h(9): message : see declaration of 'GestionnairePatients'
C:\Users\bryan\Desktop\GitKraken\tps_summer\TP2-E20\TP2-E20-Windows\TP2-E20\src\main.cpp(166,97): error C2039: 'getPatients': is not a member of 'GestionnairePatients'
C:\Users\bryan\Desktop\GitKraken\tps_summer\TP2-E20\TP2-E20-Windows\TP2-E20\include\GestionnairePatients.h(9): message : see declaration of 'GestionnairePatients'
C:\Users\bryan\Desktop\GitKraken\tps_summer\TP2-E20\TP2-E20-Windows\TP2-E20\src\main.cpp(174,6): error C2039: 'getPatients': is not a member of 'GestionnairePatients'
C:\Users\bryan\Desktop\GitKraken\tps_summer\TP2-E20\TP2-E20-Windows\TP2-E20\include\GestionnairePatients.h(9): message : see declaration of 'GestionnairePatients'
C:\Users\bryan\Desktop\GitKraken\tps_summer\TP2-E20\TP2-E20-Windows\TP2-E20\src\main.cpp(180,60): error C2039: 'getPatients': is not a member of 'GestionnairePatients'
C:\Users\bryan\Desktop\GitKraken\tps_summer\TP2-E20\TP2-E20-Windows\TP2-E20\include\GestionnairePatients.h(9): message : see declaration of 'GestionnairePatients'
C:\Users\bryan\Desktop\GitKraken\tps_summer\TP2-E20\TP2-E20-Windows\TP2-E20\src\main.cpp(180,99): error C2039: 'getPatients': is not a member of 'GestionnairePatients'
C:\Users\bryan\Desktop\GitKraken\tps_summer\TP2-E20\TP2-E20-Windows\TP2-E20\include\GestionnairePatients.h(9): message : see declaration of 'GestionnairePatients'
C:\Users\bryan\Desktop\GitKraken\tps_summer\TP2-E20\TP2-E20-Windows\TP2-E20\src\main.cpp(187,38): error C2676: binary '+=': 'GestionnairePatients' does not define this operator or a conversion to a type acceptable to the predefined operator
C:\Users\bryan\Desktop\GitKraken\tps_summer\TP2-E20\TP2-E20-Windows\TP2-E20\src\main.cpp(197,38): error C2676: binary '+=': 'GestionnairePatients' does not define this operator or a conversion to a type acceptable to the predefined operator
C:\Users\bryan\Desktop\GitKraken\tps_summer\TP2-E20\TP2-E20-Windows\TP2-E20\src\main.cpp(228,41): error C2679: binary '<<': no operator found which takes a right-hand operand of type 'GestionnaireMedecins' (or there is no acceptable conversion)
C:\Program Files (x86)\Microsoft Visual Studio\2019\Community\VC\Tools\MSVC\14.24.28314\include\ostream(462,39): message : could be 'std::basic_ostream<char,std::char_traits<char>> &std::basic_ostream<char,std::char_traits<char>>::operator <<(std::basic_streambuf<char,std::char_traits<char>> *)'
C:\Program Files (x86)\Microsoft Visual Studio\2019\Community\VC\Tools\MSVC\14.24.28314\include\ostream(437,39): message : or       'std::basic_ostream<char,std::char_traits<char>> &std::basic_ostream<char,std::char_traits<char>>::operator <<(const void *)'
C:\Program Files (x86)\Microsoft Visual Studio\2019\Community\VC\Tools\MSVC\14.24.28314\include\ostream(419,39): message : or       'std::basic_ostream<char,std::char_traits<char>> &std::basic_ostream<char,std::char_traits<char>>::operator <<(long double)'
C:\Program Files (x86)\Microsoft Visual Studio\2019\Community\VC\Tools\MSVC\14.24.28314\include\ostream(401,39): message : or       'std::basic_ostream<char,std::char_traits<char>> &std::basic_ostream<char,std::char_traits<char>>::operator <<(double)'
C:\Program Files (x86)\Microsoft Visual Studio\2019\Community\VC\Tools\MSVC\14.24.28314\include\ostream(383,39): message : or       'std::basic_ostream<char,std::char_traits<char>> &std::basic_ostream<char,std::char_traits<char>>::operator <<(float)'
C:\Program Files (x86)\Microsoft Visual Studio\2019\Community\VC\Tools\MSVC\14.24.28314\include\ostream(365,39): message : or       'std::basic_ostream<char,std::char_traits<char>> &std::basic_ostream<char,std::char_traits<char>>::operator <<(unsigned __int64)'
C:\Program Files (x86)\Microsoft Visual Studio\2019\Community\VC\Tools\MSVC\14.24.28314\include\ostream(347,39): message : or       'std::basic_ostream<char,std::char_traits<char>> &std::basic_ostream<char,std::char_traits<char>>::operator <<(__int64)'
C:\Program Files (x86)\Microsoft Visual Studio\2019\Community\VC\Tools\MSVC\14.24.28314\include\ostream(329,39): message : or       'std::basic_ostream<char,std::char_traits<char>> &std::basic_ostream<char,std::char_traits<char>>::operator <<(unsigned long)'
C:\Program Files (x86)\Microsoft Visual Studio\2019\Community\VC\Tools\MSVC\14.24.28314\include\ostream(311,39): message : or       'std::basic_ostream<char,std::char_traits<char>> &std::basic_ostream<char,std::char_traits<char>>::operator <<(long)'
C:\Program Files (x86)\Microsoft Visual Studio\2019\Community\VC\Tools\MSVC\14.24.28314\include\ostream(292,39): message : or       'std::basic_ostream<char,std::char_traits<char>> &std::basic_ostream<char,std::char_traits<char>>::operator <<(unsigned int)'
C:\Program Files (x86)\Microsoft Visual Studio\2019\Community\VC\Tools\MSVC\14.24.28314\include\ostream(266,39): message : or       'std::basic_ostream<char,std::char_traits<char>> &std::basic_ostream<char,std::char_traits<char>>::operator <<(int)'
C:\Program Files (x86)\Microsoft Visual Studio\2019\Community\VC\Tools\MSVC\14.24.28314\include\ostream(247,39): message : or       'std::basic_ostream<char,std::char_traits<char>> &std::basic_ostream<char,std::char_traits<char>>::operator <<(unsigned short)'
C:\Program Files (x86)\Microsoft Visual Studio\2019\Community\VC\Tools\MSVC\14.24.28314\include\ostream(213,39): message : or       'std::basic_ostream<char,std::char_traits<char>> &std::basic_ostream<char,std::char_traits<char>>::operator <<(short)'
C:\Program Files (x86)\Microsoft Visual Studio\2019\Community\VC\Tools\MSVC\14.24.28314\include\ostream(195,39): message : or       'std::basic_ostream<char,std::char_traits<char>> &std::basic_ostream<char,std::char_traits<char>>::operator <<(bool)'
C:\Program Files (x86)\Microsoft Visual Studio\2019\Community\VC\Tools\MSVC\14.24.28314\include\ostream(190,39): message : or       'std::basic_ostream<char,std::char_traits<char>> &std::basic_ostream<char,std::char_traits<char>>::operator <<(std::ios_base &(__cdecl *)(std::ios_base &))'
C:\Program Files (x86)\Microsoft Visual Studio\2019\Community\VC\Tools\MSVC\14.24.28314\include\ostream(185,39): message : or       'std::basic_ostream<char,std::char_traits<char>> &std::basic_ostream<char,std::char_traits<char>>::operator <<(std::basic_ios<char,std::char_traits<char>> &(__cdecl *)(std::basic_ios<char,std::char_traits<char>> &))'
C:\Program Files (x86)\Microsoft Visual Studio\2019\Community\VC\Tools\MSVC\14.24.28314\include\ostream(180,39): message : or       'std::basic_ostream<char,std::char_traits<char>> &std::basic_ostream<char,std::char_traits<char>>::operator <<(std::basic_ostream<char,std::char_traits<char>> &(__cdecl *)(std::basic_ostream<char,std::char_traits<char>> &))'
C:\Program Files (x86)\Microsoft Visual Studio\2019\Community\VC\Tools\MSVC\14.24.28314\include\ostream(457,20): message : or       'std::basic_ostream<char,std::char_traits<char>> &std::basic_ostream<char,std::char_traits<char>>::operator <<<void>(std::nullptr_t)'
C:\Program Files (x86)\Microsoft Visual Studio\2019\Community\VC\Tools\MSVC\14.24.28314\include\ostream(650,32): message : or       'std::basic_ostream<char,std::char_traits<char>> &std::operator <<<char,std::char_traits<char>>(std::basic_ostream<char,std::char_traits<char>> &,const char *)'
C:\Program Files (x86)\Microsoft Visual Studio\2019\Community\VC\Tools\MSVC\14.24.28314\include\ostream(694,32): message : or       'std::basic_ostream<char,std::char_traits<char>> &std::operator <<<char,std::char_traits<char>>(std::basic_ostream<char,std::char_traits<char>> &,char)'
C:\Program Files (x86)\Microsoft Visual Studio\2019\Community\VC\Tools\MSVC\14.24.28314\include\ostream(730,31): message : or       'std::basic_ostream<char,std::char_traits<char>> &std::operator <<<std::char_traits<char>>(std::basic_ostream<char,std::char_traits<char>> &,const char *)'
C:\Program Files (x86)\Microsoft Visual Studio\2019\Community\VC\Tools\MSVC\14.24.28314\include\ostream(775,31): message : or       'std::basic_ostream<char,std::char_traits<char>> &std::operator <<<std::char_traits<char>>(std::basic_ostream<char,std::char_traits<char>> &,char)'
C:\Program Files (x86)\Microsoft Visual Studio\2019\Community\VC\Tools\MSVC\14.24.28314\include\ostream(892,31): message : or       'std::basic_ostream<char,std::char_traits<char>> &std::operator <<<std::char_traits<char>>(std::basic_ostream<char,std::char_traits<char>> &,const signed char *)'
C:\Program Files (x86)\Microsoft Visual Studio\2019\Community\VC\Tools\MSVC\14.24.28314\include\ostream(898,31): message : or       'std::basic_ostream<char,std::char_traits<char>> &std::operator <<<std::char_traits<char>>(std::basic_ostream<char,std::char_traits<char>> &,signed char)'
C:\Program Files (x86)\Microsoft Visual Studio\2019\Community\VC\Tools\MSVC\14.24.28314\include\ostream(903,31): message : or       'std::basic_ostream<char,std::char_traits<char>> &std::operator <<<std::char_traits<char>>(std::basic_ostream<char,std::char_traits<char>> &,const unsigned char *)'
C:\Program Files (x86)\Microsoft Visual Studio\2019\Community\VC\Tools\MSVC\14.24.28314\include\ostream(909,31): message : or       'std::basic_ostream<char,std::char_traits<char>> &std::operator <<<std::char_traits<char>>(std::basic_ostream<char,std::char_traits<char>> &,unsigned char)'
C:\Program Files (x86)\Microsoft Visual Studio\2019\Community\VC\Tools\MSVC\14.24.28314\include\ostream(963,32): message : or       'std::basic_ostream<char,std::char_traits<char>> &std::operator <<<char,std::char_traits<char>>(std::basic_ostream<char,std::char_traits<char>> &,const std::error_code &)'
C:\Users\bryan\Desktop\GitKraken\tps_summer\TP2-E20\TP2-E20-Windows\TP2-E20\src\main.cpp(228,41): message : while trying to match the argument list '(std::stringstream, GestionnaireMedecins)'
C:\Users\bryan\Desktop\GitKraken\tps_summer\TP2-E20\TP2-E20-Windows\TP2-E20\src\main.cpp(247,6): error C2039: 'getMedecins': is not a member of 'GestionnaireMedecins'
C:\Users\bryan\Desktop\GitKraken\tps_summer\TP2-E20\TP2-E20-Windows\TP2-E20\include\GestionnaireMedecins.h(9): message : see declaration of 'GestionnaireMedecins'
C:\Users\bryan\Desktop\GitKraken\tps_summer\TP2-E20\TP2-E20-Windows\TP2-E20\src\main.cpp(252,59): error C2039: 'getMedecins': is not a member of 'GestionnaireMedecins'
C:\Users\bryan\Desktop\GitKraken\tps_summer\TP2-E20\TP2-E20-Windows\TP2-E20\include\GestionnaireMedecins.h(9): message : see declaration of 'GestionnaireMedecins'
C:\Users\bryan\Desktop\GitKraken\tps_summer\TP2-E20\TP2-E20-Windows\TP2-E20\src\main.cpp(252,97): error C2039: 'getMedecins': is not a member of 'GestionnaireMedecins'
C:\Users\bryan\Desktop\GitKraken\tps_summer\TP2-E20\TP2-E20-Windows\TP2-E20\include\GestionnaireMedecins.h(9): message : see declaration of 'GestionnaireMedecins'
C:\Users\bryan\Desktop\GitKraken\tps_summer\TP2-E20\TP2-E20-Windows\TP2-E20\src\main.cpp(260,6): error C2039: 'getMedecins': is not a member of 'GestionnaireMedecins'
C:\Users\bryan\Desktop\GitKraken\tps_summer\TP2-E20\TP2-E20-Windows\TP2-E20\include\GestionnaireMedecins.h(9): message : see declaration of 'GestionnaireMedecins'
C:\Users\bryan\Desktop\GitKraken\tps_summer\TP2-E20\TP2-E20-Windows\TP2-E20\src\main.cpp(265,59): error C2039: 'getMedecins': is not a member of 'GestionnaireMedecins'
C:\Users\bryan\Desktop\GitKraken\tps_summer\TP2-E20\TP2-E20-Windows\TP2-E20\include\GestionnaireMedecins.h(9): message : see declaration of 'GestionnaireMedecins'
C:\Users\bryan\Desktop\GitKraken\tps_summer\TP2-E20\TP2-E20-Windows\TP2-E20\src\main.cpp(265,97): error C2039: 'getMedecins': is not a member of 'GestionnaireMedecins'
C:\Users\bryan\Desktop\GitKraken\tps_summer\TP2-E20\TP2-E20-Windows\TP2-E20\include\GestionnaireMedecins.h(9): message : see declaration of 'GestionnaireMedecins'
C:\Users\bryan\Desktop\GitKraken\tps_summer\TP2-E20\TP2-E20-Windows\TP2-E20\src\main.cpp(275,24): error C2676: binary '+=': 'GestionnaireMedecins' does not define this operator or a conversion to a type acceptable to the predefined operator
C:\Users\bryan\Desktop\GitKraken\tps_summer\TP2-E20\TP2-E20-Windows\TP2-E20\src\main.cpp(285,95): error C2039: 'getMedecins': is not a member of 'GestionnaireMedecins'
C:\Users\bryan\Desktop\GitKraken\tps_summer\TP2-E20\TP2-E20-Windows\TP2-E20\include\GestionnaireMedecins.h(9): message : see declaration of 'GestionnaireMedecins'
C:\Users\bryan\Desktop\GitKraken\tps_summer\TP2-E20\TP2-E20-Windows\TP2-E20\src\main.cpp(288,49): error C2676: binary '-=': 'GestionnaireMedecins' does not define this operator or a conversion to a type acceptable to the predefined operator
C:\Users\bryan\Desktop\GitKraken\tps_summer\TP2-E20\TP2-E20-Windows\TP2-E20\src\main.cpp(289,49): error C2676: binary '-=': 'GestionnaireMedecins' does not define this operator or a conversion to a type acceptable to the predefined operator
C:\Users\bryan\Desktop\GitKraken\tps_summer\TP2-E20\TP2-E20-Windows\TP2-E20\src\main.cpp(322,45): error C2039: 'chercherPatient': is not a member of 'Medecin'
C:\Users\bryan\Desktop\GitKraken\tps_summer\TP2-E20\TP2-E20-Windows\TP2-E20\include\Medecin.h(9): message : see declaration of 'Medecin'
C:\Users\bryan\Desktop\GitKraken\tps_summer\TP2-E20\TP2-E20-Windows\TP2-E20\src\main.cpp(323,44): error C2676: binary '==': '_Ty2' does not define this operator or a conversion to a type acceptable to the predefined operator
          with
          [
              _Ty2=Patient
          ]
C:\Users\bryan\Desktop\GitKraken\tps_summer\TP2-E20\TP2-E20-Windows\TP2-E20\src\main.cpp(327,37): error C2679: binary '<<': no operator found which takes a right-hand operand of type 'Consultation' (or there is no acceptable conversion)
C:\Program Files (x86)\Microsoft Visual Studio\2019\Community\VC\Tools\MSVC\14.24.28314\include\ostream(462,39): message : could be 'std::basic_ostream<char,std::char_traits<char>> &std::basic_ostream<char,std::char_traits<char>>::operator <<(std::basic_streambuf<char,std::char_traits<char>> *)'
C:\Program Files (x86)\Microsoft Visual Studio\2019\Community\VC\Tools\MSVC\14.24.28314\include\ostream(437,39): message : or       'std::basic_ostream<char,std::char_traits<char>> &std::basic_ostream<char,std::char_traits<char>>::operator <<(const void *)'
C:\Program Files (x86)\Microsoft Visual Studio\2019\Community\VC\Tools\MSVC\14.24.28314\include\ostream(419,39): message : or       'std::basic_ostream<char,std::char_traits<char>> &std::basic_ostream<char,std::char_traits<char>>::operator <<(long double)'
C:\Program Files (x86)\Microsoft Visual Studio\2019\Community\VC\Tools\MSVC\14.24.28314\include\ostream(401,39): message : or       'std::basic_ostream<char,std::char_traits<char>> &std::basic_ostream<char,std::char_traits<char>>::operator <<(double)'
C:\Program Files (x86)\Microsoft Visual Studio\2019\Community\VC\Tools\MSVC\14.24.28314\include\ostream(383,39): message : or       'std::basic_ostream<char,std::char_traits<char>> &std::basic_ostream<char,std::char_traits<char>>::operator <<(float)'
C:\Program Files (x86)\Microsoft Visual Studio\2019\Community\VC\Tools\MSVC\14.24.28314\include\ostream(365,39): message : or       'std::basic_ostream<char,std::char_traits<char>> &std::basic_ostream<char,std::char_traits<char>>::operator <<(unsigned __int64)'
C:\Program Files (x86)\Microsoft Visual Studio\2019\Community\VC\Tools\MSVC\14.24.28314\include\ostream(347,39): message : or       'std::basic_ostream<char,std::char_traits<char>> &std::basic_ostream<char,std::char_traits<char>>::operator <<(__int64)'
C:\Program Files (x86)\Microsoft Visual Studio\2019\Community\VC\Tools\MSVC\14.24.28314\include\ostream(329,39): message : or       'std::basic_ostream<char,std::char_traits<char>> &std::basic_ostream<char,std::char_traits<char>>::operator <<(unsigned long)'
C:\Program Files (x86)\Microsoft Visual Studio\2019\Community\VC\Tools\MSVC\14.24.28314\include\ostream(311,39): message : or       'std::basic_ostream<char,std::char_traits<char>> &std::basic_ostream<char,std::char_traits<char>>::operator <<(long)'
C:\Program Files (x86)\Microsoft Visual Studio\2019\Community\VC\Tools\MSVC\14.24.28314\include\ostream(292,39): message : or       'std::basic_ostream<char,std::char_traits<char>> &std::basic_ostream<char,std::char_traits<char>>::operator <<(unsigned int)'
C:\Program Files (x86)\Microsoft Visual Studio\2019\Community\VC\Tools\MSVC\14.24.28314\include\ostream(266,39): message : or       'std::basic_ostream<char,std::char_traits<char>> &std::basic_ostream<char,std::char_traits<char>>::operator <<(int)'
C:\Program Files (x86)\Microsoft Visual Studio\2019\Community\VC\Tools\MSVC\14.24.28314\include\ostream(247,39): message : or       'std::basic_ostream<char,std::char_traits<char>> &std::basic_ostream<char,std::char_traits<char>>::operator <<(unsigned short)'
C:\Program Files (x86)\Microsoft Visual Studio\2019\Community\VC\Tools\MSVC\14.24.28314\include\ostream(213,39): message : or       'std::basic_ostream<char,std::char_traits<char>> &std::basic_ostream<char,std::char_traits<char>>::operator <<(short)'
C:\Program Files (x86)\Microsoft Visual Studio\2019\Community\VC\Tools\MSVC\14.24.28314\include\ostream(195,39): message : or       'std::basic_ostream<char,std::char_traits<char>> &std::basic_ostream<char,std::char_traits<char>>::operator <<(bool)'
C:\Program Files (x86)\Microsoft Visual Studio\2019\Community\VC\Tools\MSVC\14.24.28314\include\ostream(190,39): message : or       'std::basic_ostream<char,std::char_traits<char>> &std::basic_ostream<char,std::char_traits<char>>::operator <<(std::ios_base &(__cdecl *)(std::ios_base &))'
C:\Program Files (x86)\Microsoft Visual Studio\2019\Community\VC\Tools\MSVC\14.24.28314\include\ostream(185,39): message : or       'std::basic_ostream<char,std::char_traits<char>> &std::basic_ostream<char,std::char_traits<char>>::operator <<(std::basic_ios<char,std::char_traits<char>> &(__cdecl *)(std::basic_ios<char,std::char_traits<char>> &))'
C:\Program Files (x86)\Microsoft Visual Studio\2019\Community\VC\Tools\MSVC\14.24.28314\include\ostream(180,39): message : or       'std::basic_ostream<char,std::char_traits<char>> &std::basic_ostream<char,std::char_traits<char>>::operator <<(std::basic_ostream<char,std::char_traits<char>> &(__cdecl *)(std::basic_ostream<char,std::char_traits<char>> &))'
C:\Program Files (x86)\Microsoft Visual Studio\2019\Community\VC\Tools\MSVC\14.24.28314\include\ostream(457,20): message : or       'std::basic_ostream<char,std::char_traits<char>> &std::basic_ostream<char,std::char_traits<char>>::operator <<<void>(std::nullptr_t)'
C:\Program Files (x86)\Microsoft Visual Studio\2019\Community\VC\Tools\MSVC\14.24.28314\include\ostream(650,32): message : or       'std::basic_ostream<char,std::char_traits<char>> &std::operator <<<char,std::char_traits<char>>(std::basic_ostream<char,std::char_traits<char>> &,const char *)'
C:\Program Files (x86)\Microsoft Visual Studio\2019\Community\VC\Tools\MSVC\14.24.28314\include\ostream(694,32): message : or       'std::basic_ostream<char,std::char_traits<char>> &std::operator <<<char,std::char_traits<char>>(std::basic_ostream<char,std::char_traits<char>> &,char)'
C:\Program Files (x86)\Microsoft Visual Studio\2019\Community\VC\Tools\MSVC\14.24.28314\include\ostream(730,31): message : or       'std::basic_ostream<char,std::char_traits<char>> &std::operator <<<std::char_traits<char>>(std::basic_ostream<char,std::char_traits<char>> &,const char *)'
C:\Program Files (x86)\Microsoft Visual Studio\2019\Community\VC\Tools\MSVC\14.24.28314\include\ostream(775,31): message : or       'std::basic_ostream<char,std::char_traits<char>> &std::operator <<<std::char_traits<char>>(std::basic_ostream<char,std::char_traits<char>> &,char)'
C:\Program Files (x86)\Microsoft Visual Studio\2019\Community\VC\Tools\MSVC\14.24.28314\include\ostream(892,31): message : or       'std::basic_ostream<char,std::char_traits<char>> &std::operator <<<std::char_traits<char>>(std::basic_ostream<char,std::char_traits<char>> &,const signed char *)'
C:\Program Files (x86)\Microsoft Visual Studio\2019\Community\VC\Tools\MSVC\14.24.28314\include\ostream(898,31): message : or       'std::basic_ostream<char,std::char_traits<char>> &std::operator <<<std::char_traits<char>>(std::basic_ostream<char,std::char_traits<char>> &,signed char)'
C:\Program Files (x86)\Microsoft Visual Studio\2019\Community\VC\Tools\MSVC\14.24.28314\include\ostream(903,31): message : or       'std::basic_ostream<char,std::char_traits<char>> &std::operator <<<std::char_traits<char>>(std::basic_ostream<char,std::char_traits<char>> &,const unsigned char *)'
C:\Program Files (x86)\Microsoft Visual Studio\2019\Community\VC\Tools\MSVC\14.24.28314\include\ostream(909,31): message : or       'std::basic_ostream<char,std::char_traits<char>> &std::operator <<<std::char_traits<char>>(std::basic_ostream<char,std::char_traits<char>> &,unsigned char)'
C:\Program Files (x86)\Microsoft Visual Studio\2019\Community\VC\Tools\MSVC\14.24.28314\include\ostream(963,32): message : or       'std::basic_ostream<char,std::char_traits<char>> &std::operator <<<char,std::char_traits<char>>(std::basic_ostream<char,std::char_traits<char>> &,const std::error_code &)'
C:\Users\bryan\Desktop\GitKraken\tps_summer\TP2-E20\TP2-E20-Windows\TP2-E20\src\main.cpp(327,37): message : while trying to match the argument list '(std::stringstream, Consultation)'
C:\Users\bryan\Desktop\GitKraken\tps_summer\TP2-E20\TP2-E20-Windows\TP2-E20\src\main.cpp(356,63): error C2039: 'getConsultations': is not a member of 'Hopital'
C:\Users\bryan\Desktop\GitKraken\tps_summer\TP2-E20\TP2-E20-Windows\TP2-E20\include\Hopital.h(11): message : see declaration of 'Hopital'
C:\Users\bryan\Desktop\GitKraken\tps_summer\TP2-E20\TP2-E20-Windows\TP2-E20\src\main.cpp(361,28): error C2676: binary '+=': 'Hopital' does not define this operator or a conversion to a type acceptable to the predefined operator
C:\Users\bryan\Desktop\GitKraken\tps_summer\TP2-E20\TP2-E20-Windows\TP2-E20\src\main.cpp(361,113): error C2039: 'getConsultations': is not a member of 'Hopital'
C:\Users\bryan\Desktop\GitKraken\tps_summer\TP2-E20\TP2-E20-Windows\TP2-E20\include\Hopital.h(11): message : see declaration of 'Hopital'
C:\Users\bryan\Desktop\GitKraken\tps_summer\TP2-E20\TP2-E20-Windows\TP2-E20\src\main.cpp(362,15): error C2676: binary '+=': 'Hopital' does not define this operator or a conversion to a type acceptable to the predefined operator
C:\Users\bryan\Desktop\GitKraken\tps_summer\TP2-E20\TP2-E20-Windows\TP2-E20\src\main.cpp(362,105): error C2039: 'getConsultations': is not a member of 'Hopital'
C:\Users\bryan\Desktop\GitKraken\tps_summer\TP2-E20\TP2-E20-Windows\TP2-E20\include\Hopital.h(11): message : see declaration of 'Hopital'
C:\Users\bryan\Desktop\GitKraken\tps_summer\TP2-E20\TP2-E20-Windows\TP2-E20\src\main.cpp(367,28): error C2676: binary '+=': 'Hopital' does not define this operator or a conversion to a type acceptable to the predefined operator
C:\Users\bryan\Desktop\GitKraken\tps_summer\TP2-E20\TP2-E20-Windows\TP2-E20\src\main.cpp(368,15): error C2676: binary '+=': 'Hopital' does not define this operator or a conversion to a type acceptable to the predefined operator
C:\Users\bryan\Desktop\GitKraken\tps_summer\TP2-E20\TP2-E20-Windows\TP2-E20\src\main.cpp(373,28): error C2676: binary '+=': 'Hopital' does not define this operator or a conversion to a type acceptable to the predefined operator
C:\Users\bryan\Desktop\GitKraken\tps_summer\TP2-E20\TP2-E20-Windows\TP2-E20\src\main.cpp(374,15): error C2676: binary '+=': 'Hopital' does not define this operator or a conversion to a type acceptable to the predefined operator
  Generating Code...
